<?xml version="1.0" encoding="UTF-8"?>
<!-- Generated by org.testng.reporters.JUnitReportReporter -->
<testsuite hostname="DESKTOP-SB3628J" failures="0" tests="1" name="test_Cases.TC_LoginTest_001" time="4.359" errors="0" timestamp="2024-03-16T14:52:24 IST" skipped="0">
  <testcase classname="test_Cases.TC_LoginTest_001" name="loginTest" time="4.359"/>
</testsuite> <!-- test_Cases.TC_LoginTest_001 -->
